2025-02-06 11:50:08,347 [Worker-1: Loading available Gradle versions] INFO  o.e.b.c.i.u.g.PublishedGradleVersions - Gradle version information cache is up-to-date. Trying to read.
2025-02-06 11:50:54,923 [Worker-1: Importing Maven projects] INFO  o.e.m.c.i.l.LifecycleMappingFactory - Using org.eclipse.m2e.jdt.JarLifecycleMapping lifecycle mapping for MavenProject: com.springboot:spring-boot-ecommerce:0.0.1-SNAPSHOT @ C:\Users\JUBIKJ\OneDrive - Capgemini\Desktop\eCommerce-App\01-back-end\spring-boot-ecommerce\spring-boot-ecommerce\pom.xml.
2025-02-06 11:50:57,078 [Worker-1: Importing Maven projects] INFO  o.e.m.j.i.AbstractJavaProjectConfigurator - Adding source folder /spring-boot-ecommerce/src/main/java
2025-02-06 11:50:57,085 [Worker-1: Importing Maven projects] INFO  o.e.m.j.i.AbstractJavaProjectConfigurator - Adding resource folder /spring-boot-ecommerce/src/main/resources
2025-02-06 11:50:57,102 [Worker-1: Importing Maven projects] INFO  o.e.m.j.i.AbstractJavaProjectConfigurator - Adding resource folder /spring-boot-ecommerce/src/main/resources
2025-02-06 11:50:57,103 [Worker-1: Importing Maven projects] INFO  o.e.m.j.i.AbstractJavaProjectConfigurator - Adding source folder /spring-boot-ecommerce/src/test/java
2025-02-06 11:50:57,106 [Worker-1: Importing Maven projects] INFO  o.e.m.j.i.AbstractJavaProjectConfigurator - Adding resource folder /spring-boot-ecommerce/src/test/resources
2025-02-06 11:50:57,925 [Worker-1: Importing Maven projects] INFO  o.e.m.c.i.p.ProjectConfigurationManager - Imported and configured 1 project(s) in 6 sec
2025-02-06 11:50:59,236 [Worker-23: Updating Maven Project] INFO  o.e.m.c.i.p.ProjectConfigurationManager - Update started
2025-02-06 11:51:00,185 [Worker-23: Updating Maven Project] INFO  o.e.m.c.i.l.LifecycleMappingFactory - Using org.eclipse.m2e.jdt.JarLifecycleMapping lifecycle mapping for MavenProject: com.springboot:spring-boot-ecommerce:0.0.1-SNAPSHOT @ C:\Users\JUBIKJ\OneDrive - Capgemini\Desktop\eCommerce-App\01-back-end\spring-boot-ecommerce\spring-boot-ecommerce\pom.xml.
2025-02-06 11:51:01,570 [Worker-23: Updating Maven Project] INFO  o.e.m.j.i.AbstractJavaProjectConfigurator - Adding source folder /spring-boot-ecommerce/src/main/java
2025-02-06 11:51:01,572 [Worker-23: Updating Maven Project] INFO  o.e.m.j.i.AbstractJavaProjectConfigurator - Adding resource folder /spring-boot-ecommerce/src/main/resources
2025-02-06 11:51:01,573 [Worker-23: Updating Maven Project] INFO  o.e.m.j.i.AbstractJavaProjectConfigurator - Adding resource folder /spring-boot-ecommerce/src/main/resources
2025-02-06 11:51:01,574 [Worker-23: Updating Maven Project] INFO  o.e.m.j.i.AbstractJavaProjectConfigurator - Adding source folder /spring-boot-ecommerce/src/test/java
2025-02-06 11:51:01,576 [Worker-23: Updating Maven Project] INFO  o.e.m.j.i.AbstractJavaProjectConfigurator - Adding resource folder /spring-boot-ecommerce/src/test/resources
2025-02-06 11:51:02,375 [Worker-23: Updating Maven Project] INFO  o.e.m.c.i.p.ProjectConfigurationManager - Update completed for 1 poms: local refresh takes 0.00 sec, refresh facades takes 2.00 sec, update config takes 0.00 sec 
2025-02-06 11:51:04,873 [Worker-3: Building] INFO  o.a.m.s.f.DefaultMavenResourcesFiltering - Copying 1 resource from src\main\resources to target\classes
2025-02-06 11:51:04,901 [Worker-3: Building] INFO  o.a.m.s.f.DefaultMavenResourcesFiltering - Copying 0 resource from src\main\resources to target\classes
2025-02-06 11:51:04,906 [Worker-3: Building] INFO  o.a.m.s.f.DefaultMavenResourcesFiltering - skip non existing resourceDirectory C:\Users\JUBIKJ\OneDrive - Capgemini\Desktop\eCommerce-App\01-back-end\spring-boot-ecommerce\spring-boot-ecommerce\src\test\resources
2025-02-06 12:48:27,685 [Worker-25: Building] INFO  o.a.m.s.f.DefaultMavenResourcesFiltering - Copying 0 resource from src\main\resources to target\classes
2025-02-06 12:48:27,687 [Worker-25: Building] INFO  o.a.m.s.f.DefaultMavenResourcesFiltering - Copying 0 resource from src\main\resources to target\classes
2025-02-06 12:48:27,694 [Worker-25: Building] INFO  o.a.m.s.f.DefaultMavenResourcesFiltering - skip non existing resourceDirectory C:\Users\JUBIKJ\OneDrive - Capgemini\Desktop\eCommerce-App\01-back-end\spring-boot-ecommerce\spring-boot-ecommerce\src\test\resources
2025-02-06 15:28:20,746 [Worker-1: Loading available Gradle versions] INFO  o.e.b.c.i.u.g.PublishedGradleVersions - Gradle version information cache is up-to-date. Trying to read.
2025-02-07 09:08:23,451 [Worker-2: Loading available Gradle versions] INFO  o.e.b.c.i.u.g.PublishedGradleVersions - Gradle version information cache is up-to-date. Trying to read.
2025-02-10 07:12:00,429 [Worker-1: Loading available Gradle versions] INFO  o.e.b.c.i.u.g.PublishedGradleVersions - Gradle version information cache is out-of-date. Trying to update.
2025-02-10 09:16:31,703 [Worker-2: Loading available Gradle versions] INFO  o.e.b.c.i.u.g.PublishedGradleVersions - Gradle version information cache is up-to-date. Trying to read.
